<?xml version="1.0" encoding="UTF-8"?>
<testng-results skipped="0" failed="0" total="1" passed="1">
  <reporter-output>
  </reporter-output>
  <suite name="Default suite" duration-ms="10928" started-at="2018-09-05T03:28:29Z" finished-at="2018-09-05T03:28:40Z">
    <groups>
    </groups>
    <test name="Default test" duration-ms="10928" started-at="2018-09-05T03:28:29Z" finished-at="2018-09-05T03:28:40Z">
      <class name="MyLearning.EbayLinksTest">
        <test-method status="PASS" signature="InvokeBrowser()[pri:0, instance:MyLearning.EbayLinksTest@1fa268de]" name="InvokeBrowser" is-config="true" duration-ms="6349" started-at="2018-09-04T22:28:29Z" finished-at="2018-09-04T22:28:35Z">
          <reporter-output>
          </reporter-output>
        </test-method> <!-- InvokeBrowser -->
        <test-method status="PASS" signature="CountLinks()[pri:0, instance:MyLearning.EbayLinksTest@1fa268de]" name="CountLinks" duration-ms="2471" started-at="2018-09-04T22:28:35Z" finished-at="2018-09-04T22:28:38Z">
          <reporter-output>
          </reporter-output>
        </test-method> <!-- CountLinks -->
        <test-method status="PASS" signature="teardown()[pri:0, instance:MyLearning.EbayLinksTest@1fa268de]" name="teardown" is-config="true" duration-ms="2082" started-at="2018-09-04T22:28:38Z" finished-at="2018-09-04T22:28:40Z">
          <reporter-output>
          </reporter-output>
        </test-method> <!-- teardown -->
      </class> <!-- MyLearning.EbayLinksTest -->
    </test> <!-- Default test -->
  </suite> <!-- Default suite -->
</testng-results>
